<?xml version="1.0" encoding="UTF-8"?>
<!-- Generated by org.testng.reporters.JUnitXMLReporter -->
<testsuite ignored="0" hostname="DESKTOP-PU9SV1T" failures="1" tests="2" name="ChromeTest" time="34.038" errors="0" timestamp="2022-04-08T15:55:08 IST">
  <testcase classname="com.mystore.testcases.IndexPageTest" name="verifyLogo" time="0.115"/>
  <testcase classname="com.mystore.testcases.IndexPageTest" name="verifyTitle" time="0.016">
    <failure type="java.lang.AssertionError" message="expected [My Store1] but found [My Store]">
      <![CDATA[java.lang.AssertionError: expected [My Store1] but found [My Store]
at com.mystore.testcases.IndexPageTest.verifyTitle(IndexPageTest.java:45)
at java.base/java.util.ArrayList.forEach(ArrayList.java:1511)
... Removed 32 stack frames]]>
    </failure>
  </testcase> <!-- verifyTitle -->
</testsuite> <!-- ChromeTest -->
